<?xml version="1.0" encoding="UTF-8"?>
<!-- Generated by org.testng.reporters.JUnitReportReporter -->
<testsuite hostname="657e2166fb51" failures="0" tests="6" name="org.vendor.portal.testClasses.VendorPortalTest" time="13.425" errors="0" timestamp="2024-04-26T15:20:29 GMT" skipped="0">
  <testcase classname="org.vendor.portal.testClasses.VendorPortalTest" name="dashboardPageTest" time="3.341"/>
  <testcase classname="org.vendor.portal.testClasses.VendorPortalTest" name="dashboardPageTest" time="2.717"/>
  <testcase classname="org.vendor.portal.testClasses.VendorPortalTest" name="dashboardPageTest" time="2.790"/>
  <testcase classname="org.vendor.portal.testClasses.VendorPortalTest" name="loginPageTest" time="1.540"/>
  <testcase classname="org.vendor.portal.testClasses.VendorPortalTest" name="loginPageTest" time="1.392"/>
  <testcase classname="org.vendor.portal.testClasses.VendorPortalTest" name="loginPageTest" time="1.645"/>
</testsuite> <!-- org.vendor.portal.testClasses.VendorPortalTest -->
