<?xml version="1.0" encoding="UTF-8"?>
<!-- Generated by org.testng.reporters.JUnitReportReporter -->
<testsuite hostname="101231585c4d" failures="0" tests="6" name="org.vendor.portal.testClasses.VendorPortalTest" time="30.844" errors="0" timestamp="2024-05-06T16:35:28 GMT" skipped="0">
  <testcase classname="org.vendor.portal.testClasses.VendorPortalTest" name="dashboardPageTest" time="5.418"/>
  <testcase classname="org.vendor.portal.testClasses.VendorPortalTest" name="loginPageTest" time="5.509"/>
  <testcase classname="org.vendor.portal.testClasses.VendorPortalTest" name="dashboardPageTest" time="4.644"/>
  <testcase classname="org.vendor.portal.testClasses.VendorPortalTest" name="loginPageTest" time="5.532"/>
  <testcase classname="org.vendor.portal.testClasses.VendorPortalTest" name="loginPageTest" time="4.974"/>
  <testcase classname="org.vendor.portal.testClasses.VendorPortalTest" name="dashboardPageTest" time="4.767"/>
</testsuite> <!-- org.vendor.portal.testClasses.VendorPortalTest -->
