<?xml version="1.0" encoding="UTF-8"?>
<!-- Generated by org.testng.reporters.JUnitReportReporter -->
<testsuite hostname="5e0d6b368663" failures="0" tests="4" name="org.vendor.portal.testClasses.VendorPortalTest" time="29.388" errors="0" timestamp="2024-05-05T19:28:04 GMT" skipped="0">
  <testcase classname="org.vendor.portal.testClasses.VendorPortalTest" name="loginPageTest" time="8.533"/>
  <testcase classname="org.vendor.portal.testClasses.VendorPortalTest" name="dashboardPageTest" time="6.239"/>
  <testcase classname="org.vendor.portal.testClasses.VendorPortalTest" name="loginPageTest" time="8.673"/>
  <testcase classname="org.vendor.portal.testClasses.VendorPortalTest" name="dashboardPageTest" time="5.943"/>
</testsuite> <!-- org.vendor.portal.testClasses.VendorPortalTest -->
